<?xml version="1.0" encoding="UTF-8"?>
<!-- Generated by org.testng.reporters.JUnitReportReporter -->
<testsuite skipped="0" hostname="DESKTOP-2F9I86H" name="com.qa.ORGHRM.PageTests.BaseTest" tests="1" failures="0" timestamp="2020-08-12T15:20:24 IST" time="44.948" errors="0">
  <testcase name="browserSetup" time="44.948" classname="com.qa.ORGHRM.PageTests.BaseTest"/>
  <system-out/>
</testsuite> <!-- com.qa.ORGHRM.PageTests.BaseTest -->
