<?xml version="1.0" encoding="UTF-8"?>
<!-- Generated by org.testng.reporters.JUnitReportReporter -->
<testsuite skipped="0" hostname="DESKTOP-2F9I86H" name="com.qa.ORGHRM.PageTests.HomeTest" tests="2" failures="0" timestamp="2020-08-12T14:19:10 IST" time="39.786" errors="0">
  <testcase name="browserSetup" time="28.814" classname="com.qa.ORGHRM.PageTests.HomeTest"/>
  <system-out/>
  <testcase name="verifyLogout" time="10.972" classname="com.qa.ORGHRM.PageTests.HomeTest"/>
  <system-out/>
</testsuite> <!-- com.qa.ORGHRM.PageTests.HomeTest -->
