<?xml version="1.0" encoding="UTF-8"?>
<!-- Generated by org.testng.reporters.JUnitReportReporter -->
<testsuite skipped="1" hostname="DESKTOP-2F9I86H" name="com.qa.ORGHRM.PageTests.LoginTest" tests="3" failures="0" timestamp="2020-08-14T14:40:00 IST" time="21.274" errors="0">
  <testcase name="browserSetup" time="19.151" classname="com.qa.ORGHRM.PageTests.LoginTest"/>
  <system-out/>
  <testcase name="vertifyInValidLoginTest" time="2.123" classname="com.qa.ORGHRM.PageTests.LoginTest"/>
  <system-out/>
  <testcase name="vertifyValidLoginTest" classname="com.qa.ORGHRM.PageTests.LoginTest">
    <skipped/>
  </testcase> <!-- vertifyValidLoginTest -->
  <system-out/>
</testsuite> <!-- com.qa.ORGHRM.PageTests.LoginTest -->
