<?xml version="1.0" encoding="UTF-8"?>
<!-- Generated by org.testng.reporters.JUnitReportReporter -->
<testsuite skipped="0" hostname="DESKTOP-Q4NAHNC" name="EventHandling.WindowHandling" tests="1" failures="0" timestamp="2020-09-09T13:56:08 IST" time="42.679" errors="0">
  <testcase name="browserLaunch" time="42.679" classname="EventHandling.WindowHandling"/>
  <system-out/>
</testsuite> <!-- EventHandling.WindowHandling -->
